#
# A fatal error has been detected by the Java Runtime Environment:
#
#  EXCEPTION_ACCESS_VIOLATION (0xc0000005) at pc=0x00007ff852e165e3, pid=5948, tid=16328
#
# JRE version: Java(TM) SE Runtime Environment GraalVM EE 21.3.10 (17.0.11+7) (build 17.0.11+7-LTS-jvmci-21.3-b51)
# Java VM: Java HotSpot(TM) 64-Bit Server VM GraalVM EE 21.3.10 (17.0.11+7-LTS-jvmci-21.3-b51, mixed mode, sharing, tiered, jvmci, jvmci compiler, compressed oops, compressed class ptrs, g1 gc, windows-amd64)
# Problematic frame:
# V  [jvm.dll+0x3d65e3]
#
# No core dump will be written. Minidumps are not enabled by default on client versions of Windows
#
# If you would like to submit a bug report, please visit:
#   https://bugreport.java.com/bugreport/crash.jsp
#

---------------  S U M M A R Y ------------

Command Line: -XX:ThreadPriorityPolicy=1 -XX:+UnlockExperimentalVMOptions -XX:+EnableJVMCIProduct -XX:-UnlockExperimentalVMOptions -XX:+ShowCodeDetailsInExceptionMessages --module-path=C:\Users\Operation\Documents\Code\inventory-management-system-desktop\target\classes;C:\Users\Operation\.m2\repository\org\openjfx\javafx-controls\22\javafx-controls-22-win.jar;C:\Users\Operation\.m2\repository\org\openjfx\javafx-fxml\22\javafx-fxml-22-win.jar;C:\Users\Operation\.m2\repository\com\jfoenix\jfoenix\9.0.10\jfoenix-9.0.10.jar;C:\Users\Operation\.m2\repository\net\sf\jasperreports\jasperreports\6.21.3\jasperreports-6.21.3.jar;C:\Users\Operation\.m2\repository\org\mindrot\jbcrypt\0.4\jbcrypt-0.4.jar;C:\Users\Operation\.m2\repository\com\zaxxer\HikariCP\5.1.0\HikariCP-5.1.0.jar;C:\Users\Operation\.m2\repository\org\slf4j\slf4j-api\2.1.0-alpha1\slf4j-api-2.1.0-alpha1.jar;C:\Users\Operation\.m2\repository\ch\qos\logback\logback-classic\1.5.6\logback-classic-1.5.6.jar;C:\Users\Operation\.m2\repository\ch\qos\logback\logback-core\1.5.6\logback-core-1.5.6.jar;C:\Users\Operation\.m2\repository\io\github\typhon0\AnimateFX\1.3.0\AnimateFX-1.3.0.jar;C:\Users\Operation\.m2\repository\com\cohere\cohere-java\1.0.8\cohere-java-1.0.8.jar;C:\Users\Operation\.m2\repository\io\github\cdimascio\java-dotenv\5.2.2\java-dotenv-5.2.2.jar;C:\Users\Operation\.m2\repository\com\google\code\gson\gson\2.10.1\gson-2.10.1.jar;C:\Users\Operation\.m2\repository\org\commonmark\commonmark\0.22.0\commonmark-0.22.0.jar;C:\Users\Operation\.m2\repository\org\jfxtras\jmetro\11.6.16\jmetro-11.6.16.jar;C:\Users\Operation\.m2\repository\org\openjfx\javafx-graphics\11.0.2\javafx-graphics-11.0.2-win.jar;C:\Users\Operation\.m2\repository\org\openjfx\javafx-base\11.0.2\javafx-base-11.0.2-win.jar -Djdk.module.main=com.lestarieragemilang.app.desktop com.lestarieragemilang.app.desktop/com.lestarieragemilang.app.desktop.App

Host: Intel(R) Core(TM) i5-6200U CPU @ 2.30GHz, 4 cores, 7G,  Windows 10 , 64 bit Build 19041 (10.0.19041.4597)
Time: Mon Jul  1 04:04:08 2024 SE Asia Standard Time elapsed time: 1.245379 seconds (0d 0h 0m 1s)

---------------  T H R E A D  ---------------

Current thread (0x000002712f1b68c0):  JavaThread "WindowsNativeRunloopThread" [_thread_in_vm, id=16328, stack(0x000000df87900000,0x000000df87a00000)]

Stack: [0x000000df87900000,0x000000df87a00000],  sp=0x000000df879ff230,  free space=1020k
Native frames: (J=compiled Java code, j=interpreted, Vv=VM code, C=native code)
V  [jvm.dll+0x3d65e3]
C  [glass.dll+0x533c]

Java frames: (J=compiled Java code, j=interpreted, Vv=VM code)
j  com.sun.glass.ui.win.WinApplication._runLoop(Ljava/lang/Runnable;)V+0 javafx.graphics
j  com.sun.glass.ui.win.WinApplication.lambda$runLoop$3(ILjava/lang/Runnable;)V+8 javafx.graphics
j  com.sun.glass.ui.win.WinApplication$$Lambda$100+0x000002715202b660.run()V+12 javafx.graphics
j  java.lang.Thread.run()V+11 java.base@17.0.11
v  ~StubRoutines::call_stub

siginfo: EXCEPTION_ACCESS_VIOLATION (0xc0000005), reading address 0x0000000000000000


Registers:
RAX=0x0000000000000000, RBX=0x000002712f1b68c0, RCX=0x000002712f1b6b70, RDX=0x000000df879ff418
RSP=0x000000df879ff230, RBP=0x000000df879ff338, RSI=0x0000000000000000, RDI=0x000002712f1b6b70
R8 =0x0000000000000000, R9 =0x000000df879ff338, R10=0x0000000000000000, R11=0x0000000000000246
R12=0x0000000000000000, R13=0x00000271924dcee8, R14=0x000000df879ff418, R15=0x000002712f1b68c0
RIP=0x00007ff852e165e3, EFLAGS=0x0000000000010246


Register to memory mapping:

RIP=0x00007ff852e165e3 jvm.dll
RAX=0x0 is NULL
RBX=0x000002712f1b68c0 is a thread
RCX=0x000002712f1b6b70 points into unknown readable memory: 0x00007ff8534ea670 | 70 a6 4e 53 f8 7f 00 00
RDX=0x000000df879ff418 is pointing into the stack for thread: 0x000002712f1b68c0
RSP=0x000000df879ff230 is pointing into the stack for thread: 0x000002712f1b68c0
RBP=0x000000df879ff338 is pointing into the stack for thread: 0x000002712f1b68c0
RSI=0x0 is NULL
RDI=0x000002712f1b6b70 points into unknown readable memory: 0x00007ff8534ea670 | 70 a6 4e 53 f8 7f 00 00
R8 =0x0 is NULL
R9 =0x000000df879ff338 is pointing into the stack for thread: 0x000002712f1b68c0
R10=0x0 is NULL
R11=0x0000000000000246 is an unknown value
R12=0x0 is NULL
R13={method} {0x00000271924dcef0} '_runLoop' '(Ljava/lang/Runnable;)V' in 'com/sun/glass/ui/win/WinApplication'
R14=0x000000df879ff418 is pointing into the stack for thread: 0x000002712f1b68c0
R15=0x000002712f1b68c0 is a thread


Top of Stack: (sp=0x000000df879ff230)
0x000000df879ff230:   0000000000000000 00007ff8b3cd38d6
0x000000df879ff240:   0000027100000000 000000df879ff258
0x000000df879ff250:   0000045b5a35ab5b 0000000000320030
0x000000df879ff260:   00007ff8b294ac28 00007ff8b2878344
0x000000df879ff270:   00007ff8b296f2b0 00007ff8b16dd42b
0x000000df879ff280:   000002712f1b68c0 0000000000000000
0x000000df879ff290:   0000000000000000 0000000000000000
0x000000df879ff2a0:   0000027996663b20 00007ff8b2d655ff
0x000000df879ff2b0:   0000000000180016 00007ff8b294abe8
0x000000df879ff2c0:   000000df879ff2b0 0000000000000000
0x000000df879ff2d0:   000002712f1b68c0 000000df879ff420
0x000000df879ff2e0:   000002712f1b6b70 00007ff86956533c
0x000000df879ff2f0:   0000000000000000 000000df879ff3f8
0x000000df879ff300:   000000df879ff418 000002712f1b6b70
0x000000df879ff310:   000000df879ff418 00007ff86956ab76
0x000000df879ff320:   00000271924dcee8 0000027100000000 

Instructions: (pc=0x00007ff852e165e3)
0x00007ff852e164e3:   10 48 8b 4b 08 48 8b 43 18 48 89 41 18 48 8b 4b
0x00007ff852e164f3:   08 48 8b 43 20 48 89 41 20 48 8d 8f 90 02 00 00
0x00007ff852e16503:   e8 c8 0e ef ff 90 c7 87 40 03 00 00 04 00 00 00
0x00007ff852e16513:   48 81 c4 b8 00 00 00 41 5f 41 5e 5f 5e 5d 5b c3
0x00007ff852e16523:   cc cc cc cc cc cc cc cc cc cc cc cc cc 48 89 5c
0x00007ff852e16533:   24 08 48 89 6c 24 10 48 89 74 24 18 57 41 56 41
0x00007ff852e16543:   57 48 81 ec a0 00 00 00 8b 81 b8 00 00 00 48 8d
0x00007ff852e16553:   99 50 fd ff ff 05 55 21 ff ff 49 8b e9 49 8b f0
0x00007ff852e16563:   4c 8b f2 48 8b f9 83 f8 01 76 0a 48 8b cb e8 3a
0x00007ff852e16573:   9e 3b 00 33 db c7 83 40 03 00 00 05 00 00 00 e8
0x00007ff852e16583:   69 a9 29 00 90 48 8b 83 48 03 00 00 a8 01 74 0a
0x00007ff852e16593:   b2 01 48 8b cb e8 03 a8 30 00 83 bb 34 03 00 00
0x00007ff852e165a3:   00 75 0a 8b 83 30 03 00 00 a8 0c 74 0a 33 d2 48
0x00007ff852e165b3:   8b cb e8 e6 c4 3b 00 c7 83 40 03 00 00 06 00 00
0x00007ff852e165c3:   00 48 83 7b 08 00 48 89 5c 24 50 48 c7 44 24 58
0x00007ff852e165d3:   00 00 00 00 74 0a 48 8d 4c 24 50 e8 9d 41 2d 00
0x00007ff852e165e3:   48 8b 16 48 8d 4c 24 70 c7 44 24 40 0e 00 00 00
0x00007ff852e165f3:   e8 c8 5c 01 00 48 8d 44 24 70 48 89 5c 24 30 48
0x00007ff852e16603:   89 44 24 28 4c 8d 3d 0a 00 54 00 41 b9 01 00 00
0x00007ff852e16613:   00 48 89 74 24 20 4d 8b c6 4c 89 7c 24 70 48 8d
0x00007ff852e16623:   54 24 40 48 89 ac 24 98 00 00 00 48 8b cf e8 aa
0x00007ff852e16633:   6d 01 00 48 83 7c 24 58 00 4c 89 7c 24 70 48 c7
0x00007ff852e16643:   84 24 98 00 00 00 00 00 00 00 74 0a 48 8d 4c 24
0x00007ff852e16653:   50 e8 c7 41 2d 00 48 8b bb e8 00 00 00 48 8b 47
0x00007ff852e16663:   10 48 83 38 00 74 08 48 8b cf e8 be 29 f7 ff 48
0x00007ff852e16673:   8b 4f 08 48 8b 47 10 48 89 41 10 48 8b 4f 08 48
0x00007ff852e16683:   8b 47 18 48 89 41 18 48 8b 4f 08 48 8b 47 20 48
0x00007ff852e16693:   89 41 20 48 8d 8b 90 02 00 00 e8 2e 0d ef ff 4c
0x00007ff852e166a3:   8d 9c 24 a0 00 00 00 90 49 8b 6b 28 49 8b 73 30
0x00007ff852e166b3:   c7 83 40 03 00 00 04 00 00 00 49 8b 5b 20 49 8b
0x00007ff852e166c3:   e3 41 5f 41 5e 5f c3 cc cc cc cc cc cc 48 89 5c
0x00007ff852e166d3:   24 08 48 89 6c 24 10 48 89 74 24 18 48 89 7c 24 


Stack slot to memory mapping:
stack at sp + 0 slots: 0x0 is NULL
stack at sp + 1 slots: 0x00007ff8b3cd38d6 ntdll.dll
stack at sp + 2 slots: 0x0000027100000000 is an unknown value
stack at sp + 3 slots: 0x000000df879ff258 is pointing into the stack for thread: 0x000002712f1b68c0
stack at sp + 4 slots: 0x0000045b5a35ab5b is an unknown value
stack at sp + 5 slots: 0x0000000000320030 is an unknown value
stack at sp + 6 slots: 0x00007ff8b294ac28 ole32.dll
stack at sp + 7 slots: 0x00007ff8b2878344 ole32.dll


---------------  P R O C E S S  ---------------

Threads class SMR info:
_java_thread_list=0x00000279966575b0, length=16, elements={
0x000002712f2d8fb0, 0x000002715094ab20, 0x000002715094b4c0, 0x0000027150960260,
0x0000027150962b10, 0x0000027150964000, 0x00000271509644e0, 0x0000027150968db0,
0x0000027150969380, 0x0000027150996d80, 0x00000271508f3c40, 0x0000027150c73890,
0x0000027150d8f140, 0x0000027150de2fe0, 0x000002799665d2d0, 0x000002712f1b68c0
}

Java Threads: ( => current thread )
  0x000002712f2d8fb0 JavaThread "main" [_thread_blocked, id=11464, stack(0x000000df85e00000,0x000000df85f00000)]
  0x000002715094ab20 JavaThread "Reference Handler" daemon [_thread_blocked, id=16060, stack(0x000000df86500000,0x000000df86600000)]
  0x000002715094b4c0 JavaThread "Finalizer" daemon [_thread_blocked, id=4616, stack(0x000000df86600000,0x000000df86700000)]
  0x0000027150960260 JavaThread "Signal Dispatcher" daemon [_thread_blocked, id=12576, stack(0x000000df86800000,0x000000df86900000)]
  0x0000027150962b10 JavaThread "Attach Listener" daemon [_thread_blocked, id=14168, stack(0x000000df86900000,0x000000df86a00000)]
  0x0000027150964000 JavaThread "Service Thread" daemon [_thread_blocked, id=13320, stack(0x000000df86a00000,0x000000df86b00000)]
  0x00000271509644e0 JavaThread "Monitor Deflation Thread" daemon [_thread_blocked, id=4400, stack(0x000000df86b00000,0x000000df86c00000)]
  0x0000027150968db0 JavaThread "JVMCI-native CompilerThread0" daemon [_thread_blocked, id=8440, stack(0x000000df86c00000,0x000000df86d00000)]
  0x0000027150969380 JavaThread "C1 CompilerThread0" daemon [_thread_blocked, id=9324, stack(0x000000df86d00000,0x000000df86e00000)]
  0x0000027150996d80 JavaThread "Sweeper thread" daemon [_thread_blocked, id=1452, stack(0x000000df86e00000,0x000000df86f00000)]
  0x00000271508f3c40 JavaThread "Common-Cleaner" daemon [_thread_blocked, id=10148, stack(0x000000df86f00000,0x000000df87000000)]
  0x0000027150c73890 JavaThread "Notification Thread" daemon [_thread_blocked, id=9292, stack(0x000000df87000000,0x000000df87100000)]
  0x0000027150d8f140 JavaThread "QuantumRenderer-0" daemon [_thread_blocked, id=7612, stack(0x000000df87600000,0x000000df87700000)]
  0x0000027150de2fe0 JavaThread "JVMCI-native CompilerThread1" daemon [_thread_blocked, id=15636, stack(0x000000df87500000,0x000000df87600000)]
  0x000002799665d2d0 JavaThread "InvokeLaterDispatcher" daemon [_thread_blocked, id=13636, stack(0x000000df87800000,0x000000df87900000)]
=>0x000002712f1b68c0 JavaThread "WindowsNativeRunloopThread" [_thread_in_vm, id=16328, stack(0x000000df87900000,0x000000df87a00000)]

Other Threads:
  0x0000027150947010 VMThread "VM Thread" [stack: 0x000000df86400000,0x000000df86500000] [id=9232]
  0x0000027150c79d90 WatcherThread [stack: 0x000000df87100000,0x000000df87200000] [id=4888]
  0x000002712f338e10 GCTaskThread "GC Thread#0" [stack: 0x000000df85f00000,0x000000df86000000] [id=14432]
  0x0000027150ca0f80 GCTaskThread "GC Thread#1" [stack: 0x000000df87200000,0x000000df87300000] [id=8728]
  0x0000027150ca1650 GCTaskThread "GC Thread#2" [stack: 0x000000df87300000,0x000000df87400000] [id=3756]
  0x0000027150ca9010 GCTaskThread "GC Thread#3" [stack: 0x000000df87400000,0x000000df87500000] [id=2308]
  0x000002712f34a640 ConcurrentGCThread "G1 Main Marker" [stack: 0x000000df86000000,0x000000df86100000] [id=5932]
  0x000002712f34c710 ConcurrentGCThread "G1 Conc#0" [stack: 0x000000df86100000,0x000000df86200000] [id=14848]
  0x00000271507c0090 ConcurrentGCThread "G1 Refine#0" [stack: 0x000000df86200000,0x000000df86300000] [id=8132]
  0x00000271507c0380 ConcurrentGCThread "G1 Service" [stack: 0x000000df86300000,0x000000df86400000] [id=12124]

Threads with active compile tasks:

VM state: not at safepoint (normal execution)

VM Mutex/Monitor currently owned by a thread: None

Heap address: 0x0000000083200000, size: 1998 MB, Compressed Oops mode: 32-bit

CDS archive(s) mapped at: [0x0000027151000000-0x0000027151bd0000-0x0000027151bd0000), size 12386304, SharedBaseAddress: 0x0000027151000000, ArchiveRelocationMode: 1.
Compressed class space mapped at: 0x0000027152000000-0x0000027192000000, reserved size: 1073741824
Narrow klass base: 0x0000027151000000, Narrow klass shift: 0, Narrow klass range: 0x100000000

GC Precious Log:
 CPUs: 4 total, 4 available
 Memory: 7986M
 Large Page Support: Disabled
 NUMA Support: Disabled
 Compressed Oops: Enabled (32-bit)
 Heap Region Size: 1M
 Heap Min Capacity: 8M
 Heap Initial Capacity: 126M
 Heap Max Capacity: 1998M
 Pre-touch: Disabled
 Parallel Workers: 4
 Concurrent Workers: 1
 Concurrent Refinement Workers: 4
 Periodic GC: Disabled

Heap:
 garbage-first heap   total 129024K, used 6742K [0x0000000083200000, 0x0000000100000000)
  region size 1024K, 8 young (8192K), 2 survivors (2048K)
 Metaspace       used 2804K, committed 2944K, reserved 1114112K
  class space    used 291K, committed 320K, reserved 1048576K

Heap Regions: E=young(eden), S=young(survivor), O=old, HS=humongous(starts), HC=humongous(continues), CS=collection set, F=free, OA=open archive, CA=closed archive, TAMS=top-at-mark-start (previous, next)
|   0|0x0000000083200000, 0x0000000083200000, 0x0000000083300000|  0%| F|  |TAMS 0x0000000083200000, 0x0000000083200000| Untracked 
|   1|0x0000000083300000, 0x0000000083300000, 0x0000000083400000|  0%| F|  |TAMS 0x0000000083300000, 0x0000000083300000| Untracked 
|   2|0x0000000083400000, 0x0000000083400000, 0x0000000083500000|  0%| F|  |TAMS 0x0000000083400000, 0x0000000083400000| Untracked 
|   3|0x0000000083500000, 0x0000000083500000, 0x0000000083600000|  0%| F|  |TAMS 0x0000000083500000, 0x0000000083500000| Untracked 
|   4|0x0000000083600000, 0x0000000083600000, 0x0000000083700000|  0%| F|  |TAMS 0x0000000083600000, 0x0000000083600000| Untracked 
|   5|0x0000000083700000, 0x0000000083700000, 0x0000000083800000|  0%| F|  |TAMS 0x0000000083700000, 0x0000000083700000| Untracked 
|   6|0x0000000083800000, 0x0000000083800000, 0x0000000083900000|  0%| F|  |TAMS 0x0000000083800000, 0x0000000083800000| Untracked 
|   7|0x0000000083900000, 0x0000000083900000, 0x0000000083a00000|  0%| F|  |TAMS 0x0000000083900000, 0x0000000083900000| Untracked 
|   8|0x0000000083a00000, 0x0000000083a00000, 0x0000000083b00000|  0%| F|  |TAMS 0x0000000083a00000, 0x0000000083a00000| Untracked 
|   9|0x0000000083b00000, 0x0000000083b00000, 0x0000000083c00000|  0%| F|  |TAMS 0x0000000083b00000, 0x0000000083b00000| Untracked 
|  10|0x0000000083c00000, 0x0000000083c00000, 0x0000000083d00000|  0%| F|  |TAMS 0x0000000083c00000, 0x0000000083c00000| Untracked 
|  11|0x0000000083d00000, 0x0000000083d00000, 0x0000000083e00000|  0%| F|  |TAMS 0x0000000083d00000, 0x0000000083d00000| Untracked 
|  12|0x0000000083e00000, 0x0000000083e00000, 0x0000000083f00000|  0%| F|  |TAMS 0x0000000083e00000, 0x0000000083e00000| Untracked 
|  13|0x0000000083f00000, 0x0000000083f00000, 0x0000000084000000|  0%| F|  |TAMS 0x0000000083f00000, 0x0000000083f00000| Untracked 
|  14|0x0000000084000000, 0x0000000084000000, 0x0000000084100000|  0%| F|  |TAMS 0x0000000084000000, 0x0000000084000000| Untracked 
|  15|0x0000000084100000, 0x0000000084100000, 0x0000000084200000|  0%| F|  |TAMS 0x0000000084100000, 0x0000000084100000| Untracked 
|  16|0x0000000084200000, 0x0000000084200000, 0x0000000084300000|  0%| F|  |TAMS 0x0000000084200000, 0x0000000084200000| Untracked 
|  17|0x0000000084300000, 0x0000000084300000, 0x0000000084400000|  0%| F|  |TAMS 0x0000000084300000, 0x0000000084300000| Untracked 
|  18|0x0000000084400000, 0x0000000084400000, 0x0000000084500000|  0%| F|  |TAMS 0x0000000084400000, 0x0000000084400000| Untracked 
|  19|0x0000000084500000, 0x0000000084500000, 0x0000000084600000|  0%| F|  |TAMS 0x0000000084500000, 0x0000000084500000| Untracked 
|  20|0x0000000084600000, 0x0000000084600000, 0x0000000084700000|  0%| F|  |TAMS 0x0000000084600000, 0x0000000084600000| Untracked 
|  21|0x0000000084700000, 0x0000000084700000, 0x0000000084800000|  0%| F|  |TAMS 0x0000000084700000, 0x0000000084700000| Untracked 
|  22|0x0000000084800000, 0x0000000084800000, 0x0000000084900000|  0%| F|  |TAMS 0x0000000084800000, 0x0000000084800000| Untracked 
|  23|0x0000000084900000, 0x0000000084900000, 0x0000000084a00000|  0%| F|  |TAMS 0x0000000084900000, 0x0000000084900000| Untracked 
|  24|0x0000000084a00000, 0x0000000084a00000, 0x0000000084b00000|  0%| F|  |TAMS 0x0000000084a00000, 0x0000000084a00000| Untracked 
|  25|0x0000000084b00000, 0x0000000084b00000, 0x0000000084c00000|  0%| F|  |TAMS 0x0000000084b00000, 0x0000000084b00000| Untracked 
|  26|0x0000000084c00000, 0x0000000084c00000, 0x0000000084d00000|  0%| F|  |TAMS 0x0000000084c00000, 0x0000000084c00000| Untracked 
|  27|0x0000000084d00000, 0x0000000084d00000, 0x0000000084e00000|  0%| F|  |TAMS 0x0000000084d00000, 0x0000000084d00000| Untracked 
|  28|0x0000000084e00000, 0x0000000084e00000, 0x0000000084f00000|  0%| F|  |TAMS 0x0000000084e00000, 0x0000000084e00000| Untracked 
|  29|0x0000000084f00000, 0x0000000084f00000, 0x0000000085000000|  0%| F|  |TAMS 0x0000000084f00000, 0x0000000084f00000| Untracked 
|  30|0x0000000085000000, 0x0000000085000000, 0x0000000085100000|  0%| F|  |TAMS 0x0000000085000000, 0x0000000085000000| Untracked 
|  31|0x0000000085100000, 0x0000000085100000, 0x0000000085200000|  0%| F|  |TAMS 0x0000000085100000, 0x0000000085100000| Untracked 
|  32|0x0000000085200000, 0x0000000085200000, 0x0000000085300000|  0%| F|  |TAMS 0x0000000085200000, 0x0000000085200000| Untracked 
|  33|0x0000000085300000, 0x0000000085300000, 0x0000000085400000|  0%| F|  |TAMS 0x0000000085300000, 0x0000000085300000| Untracked 
|  34|0x0000000085400000, 0x0000000085400000, 0x0000000085500000|  0%| F|  |TAMS 0x0000000085400000, 0x0000000085400000| Untracked 
|  35|0x0000000085500000, 0x0000000085500000, 0x0000000085600000|  0%| F|  |TAMS 0x0000000085500000, 0x0000000085500000| Untracked 
|  36|0x0000000085600000, 0x0000000085600000, 0x0000000085700000|  0%| F|  |TAMS 0x0000000085600000, 0x0000000085600000| Untracked 
|  37|0x0000000085700000, 0x0000000085700000, 0x0000000085800000|  0%| F|  |TAMS 0x0000000085700000, 0x0000000085700000| Untracked 
|  38|0x0000000085800000, 0x0000000085800000, 0x0000000085900000|  0%| F|  |TAMS 0x0000000085800000, 0x0000000085800000| Untracked 
|  39|0x0000000085900000, 0x0000000085900000, 0x0000000085a00000|  0%| F|  |TAMS 0x0000000085900000, 0x0000000085900000| Untracked 
|  40|0x0000000085a00000, 0x0000000085a00000, 0x0000000085b00000|  0%| F|  |TAMS 0x0000000085a00000, 0x0000000085a00000| Untracked 
|  41|0x0000000085b00000, 0x0000000085b00000, 0x0000000085c00000|  0%| F|  |TAMS 0x0000000085b00000, 0x0000000085b00000| Untracked 
|  42|0x0000000085c00000, 0x0000000085c00000, 0x0000000085d00000|  0%| F|  |TAMS 0x0000000085c00000, 0x0000000085c00000| Untracked 
|  43|0x0000000085d00000, 0x0000000085d00000, 0x0000000085e00000|  0%| F|  |TAMS 0x0000000085d00000, 0x0000000085d00000| Untracked 
|  44|0x0000000085e00000, 0x0000000085e00000, 0x0000000085f00000|  0%| F|  |TAMS 0x0000000085e00000, 0x0000000085e00000| Untracked 
|  45|0x0000000085f00000, 0x0000000085f00000, 0x0000000086000000|  0%| F|  |TAMS 0x0000000085f00000, 0x0000000085f00000| Untracked 
|  46|0x0000000086000000, 0x0000000086000000, 0x0000000086100000|  0%| F|  |TAMS 0x0000000086000000, 0x0000000086000000| Untracked 
|  47|0x0000000086100000, 0x0000000086100000, 0x0000000086200000|  0%| F|  |TAMS 0x0000000086100000, 0x0000000086100000| Untracked 
|  48|0x0000000086200000, 0x0000000086200000, 0x0000000086300000|  0%| F|  |TAMS 0x0000000086200000, 0x0000000086200000| Untracked 
|  49|0x0000000086300000, 0x0000000086300000, 0x0000000086400000|  0%| F|  |TAMS 0x0000000086300000, 0x0000000086300000| Untracked 
|  50|0x0000000086400000, 0x0000000086400000, 0x0000000086500000|  0%| F|  |TAMS 0x0000000086400000, 0x0000000086400000| Untracked 
|  51|0x0000000086500000, 0x0000000086500000, 0x0000000086600000|  0%| F|  |TAMS 0x0000000086500000, 0x0000000086500000| Untracked 
|  52|0x0000000086600000, 0x0000000086600000, 0x0000000086700000|  0%| F|  |TAMS 0x0000000086600000, 0x0000000086600000| Untracked 
|  53|0x0000000086700000, 0x0000000086700000, 0x0000000086800000|  0%| F|  |TAMS 0x0000000086700000, 0x0000000086700000| Untracked 
|  54|0x0000000086800000, 0x0000000086800000, 0x0000000086900000|  0%| F|  |TAMS 0x0000000086800000, 0x0000000086800000| Untracked 
|  55|0x0000000086900000, 0x0000000086900000, 0x0000000086a00000|  0%| F|  |TAMS 0x0000000086900000, 0x0000000086900000| Untracked 
|  56|0x0000000086a00000, 0x0000000086a00000, 0x0000000086b00000|  0%| F|  |TAMS 0x0000000086a00000, 0x0000000086a00000| Untracked 
|  57|0x0000000086b00000, 0x0000000086b00000, 0x0000000086c00000|  0%| F|  |TAMS 0x0000000086b00000, 0x0000000086b00000| Untracked 
|  58|0x0000000086c00000, 0x0000000086c00000, 0x0000000086d00000|  0%| F|  |TAMS 0x0000000086c00000, 0x0000000086c00000| Untracked 
|  59|0x0000000086d00000, 0x0000000086d00000, 0x0000000086e00000|  0%| F|  |TAMS 0x0000000086d00000, 0x0000000086d00000| Untracked 
|  60|0x0000000086e00000, 0x0000000086e00000, 0x0000000086f00000|  0%| F|  |TAMS 0x0000000086e00000, 0x0000000086e00000| Untracked 
|  61|0x0000000086f00000, 0x0000000086f00000, 0x0000000087000000|  0%| F|  |TAMS 0x0000000086f00000, 0x0000000086f00000| Untracked 
|  62|0x0000000087000000, 0x0000000087000000, 0x0000000087100000|  0%| F|  |TAMS 0x0000000087000000, 0x0000000087000000| Untracked 
|  63|0x0000000087100000, 0x0000000087100000, 0x0000000087200000|  0%| F|  |TAMS 0x0000000087100000, 0x0000000087100000| Untracked 
|  64|0x0000000087200000, 0x0000000087200000, 0x0000000087300000|  0%| F|  |TAMS 0x0000000087200000, 0x0000000087200000| Untracked 
|  65|0x0000000087300000, 0x0000000087300000, 0x0000000087400000|  0%| F|  |TAMS 0x0000000087300000, 0x0000000087300000| Untracked 
|  66|0x0000000087400000, 0x0000000087400000, 0x0000000087500000|  0%| F|  |TAMS 0x0000000087400000, 0x0000000087400000| Untracked 
|  67|0x0000000087500000, 0x0000000087500000, 0x0000000087600000|  0%| F|  |TAMS 0x0000000087500000, 0x0000000087500000| Untracked 
|  68|0x0000000087600000, 0x0000000087600000, 0x0000000087700000|  0%| F|  |TAMS 0x0000000087600000, 0x0000000087600000| Untracked 
|  69|0x0000000087700000, 0x0000000087700000, 0x0000000087800000|  0%| F|  |TAMS 0x0000000087700000, 0x0000000087700000| Untracked 
|  70|0x0000000087800000, 0x0000000087800000, 0x0000000087900000|  0%| F|  |TAMS 0x0000000087800000, 0x0000000087800000| Untracked 
|  71|0x0000000087900000, 0x0000000087900000, 0x0000000087a00000|  0%| F|  |TAMS 0x0000000087900000, 0x0000000087900000| Untracked 
|  72|0x0000000087a00000, 0x0000000087a00000, 0x0000000087b00000|  0%| F|  |TAMS 0x0000000087a00000, 0x0000000087a00000| Untracked 
|  73|0x0000000087b00000, 0x0000000087b00000, 0x0000000087c00000|  0%| F|  |TAMS 0x0000000087b00000, 0x0000000087b00000| Untracked 
|  74|0x0000000087c00000, 0x0000000087c00000, 0x0000000087d00000|  0%| F|  |TAMS 0x0000000087c00000, 0x0000000087c00000| Untracked 
|  75|0x0000000087d00000, 0x0000000087d00000, 0x0000000087e00000|  0%| F|  |TAMS 0x0000000087d00000, 0x0000000087d00000| Untracked 
|  76|0x0000000087e00000, 0x0000000087e00000, 0x0000000087f00000|  0%| F|  |TAMS 0x0000000087e00000, 0x0000000087e00000| Untracked 
|  77|0x0000000087f00000, 0x0000000087f00000, 0x0000000088000000|  0%| F|  |TAMS 0x0000000087f00000, 0x0000000087f00000| Untracked 
|  78|0x0000000088000000, 0x0000000088000000, 0x0000000088100000|  0%| F|  |TAMS 0x0000000088000000, 0x0000000088000000| Untracked 
|  79|0x0000000088100000, 0x0000000088100000, 0x0000000088200000|  0%| F|  |TAMS 0x0000000088100000, 0x0000000088100000| Untracked 
|  80|0x0000000088200000, 0x0000000088200000, 0x0000000088300000|  0%| F|  |TAMS 0x0000000088200000, 0x0000000088200000| Untracked 
|  81|0x0000000088300000, 0x0000000088300000, 0x0000000088400000|  0%| F|  |TAMS 0x0000000088300000, 0x0000000088300000| Untracked 
|  82|0x0000000088400000, 0x0000000088400000, 0x0000000088500000|  0%| F|  |TAMS 0x0000000088400000, 0x0000000088400000| Untracked 
|  83|0x0000000088500000, 0x0000000088500000, 0x0000000088600000|  0%| F|  |TAMS 0x0000000088500000, 0x0000000088500000| Untracked 
|  84|0x0000000088600000, 0x0000000088600000, 0x0000000088700000|  0%| F|  |TAMS 0x0000000088600000, 0x0000000088600000| Untracked 
|  85|0x0000000088700000, 0x0000000088700000, 0x0000000088800000|  0%| F|  |TAMS 0x0000000088700000, 0x0000000088700000| Untracked 
|  86|0x0000000088800000, 0x0000000088800000, 0x0000000088900000|  0%| F|  |TAMS 0x0000000088800000, 0x0000000088800000| Untracked 
|  87|0x0000000088900000, 0x0000000088900000, 0x0000000088a00000|  0%| F|  |TAMS 0x0000000088900000, 0x0000000088900000| Untracked 
|  88|0x0000000088a00000, 0x0000000088a00000, 0x0000000088b00000|  0%| F|  |TAMS 0x0000000088a00000, 0x0000000088a00000| Untracked 
|  89|0x0000000088b00000, 0x0000000088b00000, 0x0000000088c00000|  0%| F|  |TAMS 0x0000000088b00000, 0x0000000088b00000| Untracked 
|  90|0x0000000088c00000, 0x0000000088c00000, 0x0000000088d00000|  0%| F|  |TAMS 0x0000000088c00000, 0x0000000088c00000| Untracked 
|  91|0x0000000088d00000, 0x0000000088d00000, 0x0000000088e00000|  0%| F|  |TAMS 0x0000000088d00000, 0x0000000088d00000| Untracked 
|  92|0x0000000088e00000, 0x0000000088e00000, 0x0000000088f00000|  0%| F|  |TAMS 0x0000000088e00000, 0x0000000088e00000| Untracked 
|  93|0x0000000088f00000, 0x0000000088f00000, 0x0000000089000000|  0%| F|  |TAMS 0x0000000088f00000, 0x0000000088f00000| Untracked 
|  94|0x0000000089000000, 0x0000000089000000, 0x0000000089100000|  0%| F|  |TAMS 0x0000000089000000, 0x0000000089000000| Untracked 
|  95|0x0000000089100000, 0x0000000089100000, 0x0000000089200000|  0%| F|  |TAMS 0x0000000089100000, 0x0000000089100000| Untracked 
|  96|0x0000000089200000, 0x0000000089200000, 0x0000000089300000|  0%| F|  |TAMS 0x0000000089200000, 0x0000000089200000| Untracked 
|  97|0x0000000089300000, 0x0000000089300000, 0x0000000089400000|  0%| F|  |TAMS 0x0000000089300000, 0x0000000089300000| Untracked 
|  98|0x0000000089400000, 0x0000000089400000, 0x0000000089500000|  0%| F|  |TAMS 0x0000000089400000, 0x0000000089400000| Untracked 
|  99|0x0000000089500000, 0x0000000089500000, 0x0000000089600000|  0%| F|  |TAMS 0x0000000089500000, 0x0000000089500000| Untracked 
| 100|0x0000000089600000, 0x0000000089600000, 0x0000000089700000|  0%| F|  |TAMS 0x0000000089600000, 0x0000000089600000| Untracked 
| 101|0x0000000089700000, 0x0000000089700000, 0x0000000089800000|  0%| F|  |TAMS 0x0000000089700000, 0x0000000089700000| Untracked 
| 102|0x0000000089800000, 0x0000000089800000, 0x0000000089900000|  0%| F|  |TAMS 0x0000000089800000, 0x0000000089800000| Untracked 
| 103|0x0000000089900000, 0x0000000089900000, 0x0000000089a00000|  0%| F|  |TAMS 0x0000000089900000, 0x0000000089900000| Untracked 
| 104|0x0000000089a00000, 0x0000000089a00000, 0x0000000089b00000|  0%| F|  |TAMS 0x0000000089a00000, 0x0000000089a00000| Untracked 
| 105|0x0000000089b00000, 0x0000000089b00000, 0x0000000089c00000|  0%| F|  |TAMS 0x0000000089b00000, 0x0000000089b00000| Untracked 
| 106|0x0000000089c00000, 0x0000000089c00000, 0x0000000089d00000|  0%| F|  |TAMS 0x0000000089c00000, 0x0000000089c00000| Untracked 
| 107|0x0000000089d00000, 0x0000000089d00000, 0x0000000089e00000|  0%| F|  |TAMS 0x0000000089d00000, 0x0000000089d00000| Untracked 
| 108|0x0000000089e00000, 0x0000000089e00000, 0x0000000089f00000|  0%| F|  |TAMS 0x0000000089e00000, 0x0000000089e00000| Untracked 
| 109|0x0000000089f00000, 0x0000000089f00000, 0x000000008a000000|  0%| F|  |TAMS 0x0000000089f00000, 0x0000000089f00000| Untracked 
| 110|0x000000008a000000, 0x000000008a000000, 0x000000008a100000|  0%| F|  |TAMS 0x000000008a000000, 0x000000008a000000| Untracked 
| 111|0x000000008a100000, 0x000000008a195960, 0x000000008a200000| 58%| S|CS|TAMS 0x000000008a100000, 0x000000008a100000| Complete 
| 112|0x000000008a200000, 0x000000008a300000, 0x000000008a300000|100%| S|CS|TAMS 0x000000008a200000, 0x000000008a200000| Complete 
| 113|0x000000008a300000, 0x000000008a300000, 0x000000008a400000|  0%| F|  |TAMS 0x000000008a300000, 0x000000008a300000| Untracked 
| 114|0x000000008a400000, 0x000000008a400000, 0x000000008a500000|  0%| F|  |TAMS 0x000000008a400000, 0x000000008a400000| Untracked 
| 115|0x000000008a500000, 0x000000008a500000, 0x000000008a600000|  0%| F|  |TAMS 0x000000008a500000, 0x000000008a500000| Untracked 
| 116|0x000000008a600000, 0x000000008a600000, 0x000000008a700000|  0%| F|  |TAMS 0x000000008a600000, 0x000000008a600000| Untracked 
| 117|0x000000008a700000, 0x000000008a700000, 0x000000008a800000|  0%| F|  |TAMS 0x000000008a700000, 0x000000008a700000| Untracked 
| 118|0x000000008a800000, 0x000000008a800000, 0x000000008a900000|  0%| F|  |TAMS 0x000000008a800000, 0x000000008a800000| Untracked 
| 119|0x000000008a900000, 0x000000008a900000, 0x000000008aa00000|  0%| F|  |TAMS 0x000000008a900000, 0x000000008a900000| Untracked 
| 120|0x000000008aa00000, 0x000000008aab73c0, 0x000000008ab00000| 71%| E|  |TAMS 0x000000008aa00000, 0x000000008aa00000| Complete 
| 121|0x000000008ab00000, 0x000000008ac00000, 0x000000008ac00000|100%| E|CS|TAMS 0x000000008ab00000, 0x000000008ab00000| Complete 
| 122|0x000000008ac00000, 0x000000008ad00000, 0x000000008ad00000|100%| E|CS|TAMS 0x000000008ac00000, 0x000000008ac00000| Complete 
| 123|0x000000008ad00000, 0x000000008ae00000, 0x000000008ae00000|100%| E|CS|TAMS 0x000000008ad00000, 0x000000008ad00000| Complete 
| 124|0x000000008ae00000, 0x000000008af00000, 0x000000008af00000|100%| E|CS|TAMS 0x000000008ae00000, 0x000000008ae00000| Complete 
| 125|0x000000008af00000, 0x000000008b000000, 0x000000008b000000|100%| E|CS|TAMS 0x000000008af00000, 0x000000008af00000| Complete 

Card table byte_map: [0x0000027149d10000,0x000002714a100000] _byte_map_base: 0x00000271498f7000

Marking Bits (Prev, Next): (CMBitMap*) 0x000002712f33a350, (CMBitMap*) 0x000002712f33a390
 Prev Bits: [0x000002714a4f0000, 0x000002714c428000)
 Next Bits: [0x000002714c430000, 0x000002714e368000)

Polling page: 0x000002712f1a0000

Metaspace:

Usage:
  Non-class:      2.45 MB used.
      Class:    291.45 KB used.
       Both:      2.74 MB used.

Virtual space:
  Non-class space:       64.00 MB reserved,       2.56 MB (  4%) committed,  1 nodes.
      Class space:        1.00 GB reserved,     320.00 KB ( <1%) committed,  1 nodes.
             Both:        1.06 GB reserved,       2.88 MB ( <1%) committed. 

Chunk freelists:
   Non-Class:  10.92 MB
       Class:  15.56 MB
        Both:  26.49 MB

MaxMetaspaceSize: unlimited
CompressedClassSpaceSize: 1.00 GB
Initial GC threshold: 21.00 MB
Current GC threshold: 21.00 MB
CDS: on
MetaspaceReclaimPolicy: balanced
 - commit_granule_bytes: 65536.
 - commit_granule_words: 8192.
 - virtual_space_node_default_size: 8388608.
 - enlarge_chunks_in_place: 1.
 - new_chunks_are_fully_committed: 0.
 - uncommit_free_chunks: 1.
 - use_allocation_guard: 0.
 - handle_deallocations: 1.


Internal statistics:

num_allocs_failed_limit: 0.
num_arena_births: 88.
num_arena_deaths: 0.
num_vsnodes_births: 2.
num_vsnodes_deaths: 0.
num_space_committed: 46.
num_space_uncommitted: 0.
num_chunks_returned_to_freelist: 0.
num_chunks_taken_from_freelist: 150.
num_chunk_merges: 0.
num_chunk_splits: 101.
num_chunks_enlarged: 71.
num_inconsistent_stats: 0.

CodeHeap 'non-profiled nmethods': size=120000Kb used=233Kb max_used=233Kb free=119766Kb
 bounds [0x0000027141dd0000, 0x0000027142040000, 0x0000027149300000]
CodeHeap 'profiled nmethods': size=120000Kb used=1196Kb max_used=1196Kb free=118803Kb
 bounds [0x000002713a300000, 0x000002713a570000, 0x0000027141830000]
CodeHeap 'non-nmethods': size=5760Kb used=1155Kb max_used=1166Kb free=4604Kb
 bounds [0x0000027141830000, 0x0000027141aa0000, 0x0000027141dd0000]
 total_blobs=1230 nmethods=787 adapters=360
 compilation: enabled
              stopped_count=0, restarted_count=0
 full_count=0

JVMCI Events (20 events):
Event: 0.549 Thread 0x0000027150968db0 attached to JVMCI runtime 0
Event: 0.554 Thread 0x0000027150968db0 loaded JVMCI shared library from C:\Program Files\Java\graalvm-ee-java17-21.3.10\bin\jvmcicompiler.dll
Event: 0.592 Thread 0x0000027150968db0 created JavaVM[1]@0x0000027196973888 for JVMCI runtime 0
Event: 0.604 Thread 0x0000027150968db0 initializing JVMCI runtime 0
Event: 0.604 Thread 0x0000027150968db0 initializing JavaVM references in JVMCI runtime 0
Event: 0.605 Thread 0x0000027150968db0 initialized JavaVM references in JVMCI runtime 0
Event: 0.608 Thread 0x0000027150968db0 initialized JVMCI runtime 0
Event: 0.642 Thread 0x0000027150cce9a0 attached to JVMCI runtime 0
Event: 0.696 Thread 0x0000027150968db0 compacted oop handles in JVMCI runtime 0 from 64 to 61
Event: 0.701 Thread 0x0000027150cce9a0 compacted oop handles in JVMCI runtime 0 from 62 to 61
Event: 0.709 Thread 0x0000027150968db0 compacted oop handles in JVMCI runtime 0 from 61 to 60
Event: 0.737 Thread 0x0000027150968db0 compacted oop handles in JVMCI runtime 0 from 80 to 73
Event: 0.869 Thread 0x0000027150968db0 compacted oop handles in JVMCI runtime 0 from 80 to 79
Event: 0.937 Thread 0x0000027150cce9a0 compacted oop handles in JVMCI runtime 0 from 86 to 83
Event: 1.109 Thread 0x0000027150cce9a0 detaching from JVMCI runtime 0: stopping idle compiler thread (1 other threads still attached)
Event: 1.109 Thread 0x0000027150cce9a0 detached from JVMCI runtime 0
Event: 1.146 Thread 0x0000027150968db0 compacted oop handles in JVMCI runtime 0 from 105 to 94
Event: 1.147 Thread 0x0000027150de2fe0 attached to JVMCI runtime 0
Event: 1.148 Thread 0x0000027150de2fe0 compacted oop handles in JVMCI runtime 0 from 96 to 95
Event: 1.150 Thread 0x0000027150de2fe0 compacted oop handles in JVMCI runtime 0 from 97 to 96

Compilation events (20 events):
Event: 1.150 Thread 0x0000027150de2fe0  769       4       java.lang.Math::min (11 bytes)
Event: 1.151 Thread 0x0000027150de2fe0 nmethod 769 0x0000027141e04a10 code [0x0000027141e04b80, 0x0000027141e04ba8]
Event: 1.151 Thread 0x0000027150de2fe0  773       4       java.util.HashSet::add (20 bytes)
Event: 1.156 Thread 0x0000027150968db0 nmethod 760 0x0000027141e04d10 code [0x0000027141e04e80, 0x0000027141e05058]
Event: 1.162 Thread 0x0000027150969380  775       3       java.lang.invoke.TypeConvertingMethodAdapter::descriptorToName (36 bytes)
Event: 1.164 Thread 0x0000027150969380 nmethod 775 0x000002713a427a90 code [0x000002713a427d20, 0x000002713a4288c8]
Event: 1.166 Thread 0x0000027150969380  776       3       java.lang.invoke.MethodHandleNatives::refKindIsMethod (19 bytes)
Event: 1.166 Thread 0x0000027150969380 nmethod 776 0x000002713a428d90 code [0x000002713a428f40, 0x000002713a429198]
Event: 1.167 Thread 0x0000027150969380  777       3       java.lang.invoke.MemberName$Factory::resolveOrFail (79 bytes)
Event: 1.168 Thread 0x0000027150969380 nmethod 777 0x000002713a429290 code [0x000002713a4294a0, 0x000002713a429e58]
Event: 1.175 Thread 0x0000027150968db0  779       4       java.lang.AbstractStringBuilder::putStringAt (12 bytes)
Event: 1.175 Thread 0x0000027150969380  780       3       java.lang.invoke.MethodType::toMethodDescriptorString (28 bytes)
Event: 1.176 Thread 0x0000027150969380 nmethod 780 0x000002713a42a090 code [0x000002713a42a240, 0x000002713a42a428]
Event: 1.176 Thread 0x0000027150969380  781       3       jdk.internal.org.objectweb.asm.AnnotationWriter::putAnnotations (67 bytes)
Event: 1.176 Thread 0x0000027150969380 nmethod 781 0x000002713a42a510 code [0x000002713a42a720, 0x000002713a42ab58]
Event: 1.177 Thread 0x0000027150969380  783       3       jdk.internal.org.objectweb.asm.Label::<init> (5 bytes)
Event: 1.177 Thread 0x0000027150969380 nmethod 783 0x000002713a42ae10 code [0x000002713a42afa0, 0x000002713a42b0f8]
Event: 1.177 Thread 0x0000027150969380  786       1       java.util.ArrayList::size (5 bytes)
Event: 1.178 Thread 0x0000027150969380 nmethod 786 0x0000027141e05d90 code [0x0000027141e05f20, 0x0000027141e05ff8]
Event: 1.189 Thread 0x0000027150968db0 nmethod 779 0x0000027141e06390 code [0x0000027141e06500, 0x0000027141e06958]

GC Heap History (2 events):
Event: 0.601 GC heap before
{Heap before GC invocations=0 (full 0):
 garbage-first heap   total 129024K, used 13312K [0x0000000083200000, 0x0000000100000000)
  region size 1024K, 13 young (13312K), 0 survivors (0K)
 Metaspace       used 1094K, committed 1280K, reserved 1114112K
  class space    used 94K, committed 192K, reserved 1048576K
}
Event: 0.604 GC heap after
{Heap after GC invocations=1 (full 0):
 garbage-first heap   total 129024K, used 1622K [0x0000000083200000, 0x0000000100000000)
  region size 1024K, 2 young (2048K), 2 survivors (2048K)
 Metaspace       used 1094K, committed 1280K, reserved 1114112K
  class space    used 94K, committed 192K, reserved 1048576K
}

Deoptimization events (6 events):
Event: 0.663 Thread 0x000002712f2d8fb0 DEOPT PACKING pc=0x000002713a302c67 sp=0x000000df85efca20
Event: 0.663 Thread 0x000002712f2d8fb0 DEOPT UNPACKING pc=0x0000027141882945 sp=0x000000df85efbe40 mode 0
Event: 0.667 Thread 0x000002712f2d8fb0 DEOPT PACKING pc=0x000002713a3041d4 sp=0x000000df85efc940
Event: 0.667 Thread 0x000002712f2d8fb0 DEOPT UNPACKING pc=0x0000027141882945 sp=0x000000df85efbdb8 mode 0
Event: 0.726 Thread 0x000002712f2d8fb0 DEOPT PACKING pc=0x000002713a3f1bf0 sp=0x000000df85efe100
Event: 0.726 Thread 0x000002712f2d8fb0 DEOPT UNPACKING pc=0x0000027141882945 sp=0x000000df85efd550 mode 0

Classes unloaded (0 events):
No events

Classes redefined (0 events):
No events

Internal exceptions (14 events):
Event: 0.238 Thread 0x000002712f2d8fb0 Exception <a 'java/lang/NoSuchMethodError'{0x000000008ae49d28}: 'void java.lang.invoke.DirectMethodHandle$Holder.invokeVirtual(java.lang.Object, java.lang.Object)'> (0x000000008ae49d28) 
thrown [s\open\src\hotspot\share\interpreter\linkResolver.cpp, line 759]
Event: 0.430 Thread 0x000002712f2d8fb0 Exception <a 'java/lang/NoSuchMethodError'{0x000000008a9fa8e0}: 'void java.lang.invoke.DirectMethodHandle$Holder.invokeSpecial(java.lang.Object, java.lang.Object, java.lang.Object)'> (0x000000008a9fa8e0) 
thrown [s\open\src\hotspot\share\interpreter\linkResolver.cpp, line 759]
Event: 0.458 Thread 0x000002712f2d8fb0 Exception <a 'java/lang/NoSuchMethodError'{0x000000008a8df9f0}: 'java.lang.Object java.lang.invoke.DirectMethodHandle$Holder.invokeVirtual(java.lang.Object, java.lang.Object, java.lang.Object)'> (0x000000008a8df9f0) 
thrown [s\open\src\hotspot\share\interpreter\linkResolver.cpp, line 759]
Event: 0.512 Thread 0x000002712f2d8fb0 Exception <a 'java/lang/NoSuchMethodError'{0x000000008a414028}: 'void java.lang.invoke.DirectMethodHandle$Holder.invokeSpecial(java.lang.Object, java.lang.Object, java.lang.Object, java.lang.Object, java.lang.Object)'> (0x000000008a414028) 
thrown [s\open\src\hotspot\share\interpreter\linkResolver.cpp, line 759]
Event: 0.517 Thread 0x000002712f2d8fb0 Exception <a 'java/lang/NoSuchMethodError'{0x000000008a42cb48}: 'java.lang.Object java.lang.invoke.DirectMethodHandle$Holder.invokeInterface(java.lang.Object, java.lang.Object)'> (0x000000008a42cb48) 
thrown [s\open\src\hotspot\share\interpreter\linkResolver.cpp, line 759]
Event: 0.518 Thread 0x000002712f2d8fb0 Exception <a 'java/lang/IncompatibleClassChangeError'{0x000000008a4301c0}: Found class java.lang.Object, but interface was expected> (0x000000008a4301c0) 
thrown [s\open\src\hotspot\share\interpreter\linkResolver.cpp, line 826]
Event: 0.518 Thread 0x000002712f2d8fb0 Exception <a 'java/lang/NoSuchMethodError'{0x000000008a432f88}: 'void java.lang.invoke.DirectMethodHandle$Holder.invokeStatic(java.lang.Object, java.lang.Object, java.lang.Object, java.lang.Object)'> (0x000000008a432f88) 
thrown [s\open\src\hotspot\share\interpreter\linkResolver.cpp, line 759]
Event: 0.560 Thread 0x000002712f2d8fb0 Exception <a 'java/lang/NoSuchMethodError'{0x000000008a3a9bf8}: 'java.lang.Object java.lang.invoke.DirectMethodHandle$Holder.invokeStaticInit(java.lang.Object)'> (0x000000008a3a9bf8) 
thrown [s\open\src\hotspot\share\interpreter\linkResolver.cpp, line 759]
Event: 0.564 Thread 0x000002712f2d8fb0 Exception <a 'java/lang/NoSuchMethodError'{0x000000008a3b7270}: 'void java.lang.invoke.DirectMethodHandle$Holder.invokeStatic(java.lang.Object, java.lang.Object)'> (0x000000008a3b7270) 
thrown [s\open\src\hotspot\share\interpreter\linkResolver.cpp, line 759]
Event: 0.914 Thread 0x000002712f2d8fb0 Exception <a 'java/lang/NoSuchMethodError'{0x000000008acb4838}: 'void java.lang.invoke.DirectMethodHandle$Holder.invokeStatic(java.lang.Object, java.lang.Object, java.lang.Object)'> (0x000000008acb4838) 
thrown [s\open\src\hotspot\share\interpreter\linkResolver.cpp, line 759]
Event: 1.120 Thread 0x000002712f2d8fb0 Exception <a 'java/lang/NoSuchMethodError'{0x000000008ab469e8}: 'int java.lang.invoke.DirectMethodHandle$Holder.invokeStaticInit(java.lang.Object, java.lang.Object, java.lang.Object)'> (0x000000008ab469e8) 
thrown [s\open\src\hotspot\share\interpreter\linkResolver.cpp, line 759]
Event: 1.144 Thread 0x000002712f2d8fb0 Exception <a 'java/lang/NoSuchMethodError'{0x000000008abf2090}: notifyPreferencesChanged> (0x000000008abf2090) 
thrown [s\open\src\hotspot\share\prims\jni.cpp, line 1078]
Event: 1.176 Thread 0x000002712f2d8fb0 Exception <a 'java/lang/NoSuchMethodError'{0x000000008aa0a900}: 'java.lang.Object java.lang.invoke.DirectMethodHandle$Holder.newInvokeSpecial(java.lang.Object, java.lang.Object, int, java.lang.Object)'> (0x000000008aa0a900) 
thrown [s\open\src\hotspot\share\interpreter\linkResolver.cpp, line 759]
Event: 1.177 Thread 0x000002712f2d8fb0 Exception <a 'java/lang/NoSuchMethodError'{0x000000008aa0ece0}: 'java.lang.Object java.lang.invoke.DirectMethodHandle$Holder.invokeSpecial(java.lang.Object, java.lang.Object, java.lang.Object, int, java.lang.Object)'> (0x000000008aa0ece0) 
thrown [s\open\src\hotspot\share\interpreter\linkResolver.cpp, line 759]

VM Operations (12 events):
Event: 0.358 Executing VM operation: HandshakeAllThreads
Event: 0.358 Executing VM operation: HandshakeAllThreads done
Event: 0.456 Executing VM operation: HandshakeAllThreads
Event: 0.456 Executing VM operation: HandshakeAllThreads done
Event: 0.515 Executing VM operation: HandshakeAllThreads
Event: 0.515 Executing VM operation: HandshakeAllThreads done
Event: 0.570 Executing VM operation: G1CollectForAllocation
Event: 0.604 Executing VM operation: G1CollectForAllocation done
Event: 0.614 Executing VM operation: HandshakeAllThreads
Event: 0.614 Executing VM operation: HandshakeAllThreads done
Event: 1.135 Executing VM operation: HandshakeAllThreads
Event: 1.135 Executing VM operation: HandshakeAllThreads done

Events (20 events):
Event: 1.136 loading class java/lang/ProcessEnvironment$CheckedEntrySet$1
Event: 1.136 loading class java/lang/ProcessEnvironment$CheckedEntrySet$1 done
Event: 1.136 loading class java/lang/ProcessEnvironment$CheckedEntry
Event: 1.136 loading class java/lang/ProcessEnvironment$CheckedEntry done
Event: 1.144 Loaded shared library C:\Program Files\BellSoft\LibericaNIK-Full-24-OpenJDK-22\bin\glass.dll
Event: 1.145 loading class java/lang/Throwable$WrappedPrintStream
Event: 1.145 loading class java/lang/Throwable$PrintStreamOrWriter
Event: 1.145 loading class java/lang/Throwable$PrintStreamOrWriter done
Event: 1.145 loading class java/lang/Throwable$WrappedPrintStream done
Event: 1.146 loading class java/lang/StackTraceElement$HashedModules
Event: 1.146 loading class java/lang/StackTraceElement$HashedModules done
Event: 1.146 Thread 0x0000027150de2fe0 Thread added: 0x0000027150de2fe0
Event: 1.163 loading class java/util/concurrent/BlockingDeque
Event: 1.164 loading class java/util/concurrent/BlockingDeque done
Event: 1.164 loading class java/util/concurrent/LinkedBlockingDeque
Event: 1.164 loading class java/util/concurrent/LinkedBlockingDeque done
Event: 1.165 Thread 0x000002799665d2d0 Thread added: 0x000002799665d2d0
Event: 1.188 Thread 0x000002712f1b68c0 Thread added: 0x000002712f1b68c0
Event: 1.197 loading class java/lang/NumberFormatException
Event: 1.197 loading class java/lang/NumberFormatException done


Dynamic libraries:
0x00007ff6aecd0000 - 0x00007ff6aece0000 	C:\Program Files\Java\graalvm-ee-java17-21.3.10\bin\java.exe
0x00007ff8b3c90000 - 0x00007ff8b3e88000 	C:\WINDOWS\SYSTEM32\ntdll.dll
0x00007ff8b3410000 - 0x00007ff8b34d1000 	C:\WINDOWS\System32\KERNEL32.DLL
0x00007ff8b1680000 - 0x00007ff8b1976000 	C:\WINDOWS\System32\KERNELBASE.dll
0x00007ff8b1580000 - 0x00007ff8b1680000 	C:\WINDOWS\System32\ucrtbase.dll
0x00007ff8a55b0000 - 0x00007ff8a55c9000 	C:\Program Files\Java\graalvm-ee-java17-21.3.10\bin\jli.dll
0x00007ff8b2af0000 - 0x00007ff8b2ba0000 	C:\WINDOWS\System32\ADVAPI32.dll
0x00007ff8b29a0000 - 0x00007ff8b2a3e000 	C:\WINDOWS\System32\msvcrt.dll
0x00007ff8b1e90000 - 0x00007ff8b1f30000 	C:\WINDOWS\System32\sechost.dll
0x00007ff8b2040000 - 0x00007ff8b2163000 	C:\WINDOWS\System32\RPCRT4.dll
0x00007ff8b1c80000 - 0x00007ff8b1ca7000 	C:\WINDOWS\System32\bcrypt.dll
0x00007ff8b26d0000 - 0x00007ff8b286f000 	C:\WINDOWS\System32\USER32.dll
0x00007ff8b1430000 - 0x00007ff8b1452000 	C:\WINDOWS\System32\win32u.dll
0x00007ff8b1fe0000 - 0x00007ff8b200b000 	C:\WINDOWS\System32\GDI32.dll
0x00007ff8b1460000 - 0x00007ff8b1577000 	C:\WINDOWS\System32\gdi32full.dll
0x00007ff8b1980000 - 0x00007ff8b1a1d000 	C:\WINDOWS\System32\msvcp_win.dll
0x00007ff89a150000 - 0x00007ff89a16b000 	C:\Program Files\Java\graalvm-ee-java17-21.3.10\bin\VCRUNTIME140.dll
0x00007ff89eb50000 - 0x00007ff89edea000 	C:\WINDOWS\WinSxS\amd64_microsoft.windows.common-controls_6595b64144ccf1df_6.0.19041.4355_none_60b8b9eb71f62e16\COMCTL32.dll
0x00007ff8a8900000 - 0x00007ff8a890a000 	C:\WINDOWS\SYSTEM32\VERSION.dll
0x00007ff8b25e0000 - 0x00007ff8b260f000 	C:\WINDOWS\System32\IMM32.DLL
0x00007ff899de0000 - 0x00007ff899dec000 	C:\Program Files\Java\graalvm-ee-java17-21.3.10\bin\vcruntime140_1.dll
0x00007ff8695b0000 - 0x00007ff86963e000 	C:\Program Files\Java\graalvm-ee-java17-21.3.10\bin\msvcp140.dll
0x00007ff852a40000 - 0x00007ff853628000 	C:\Program Files\Java\graalvm-ee-java17-21.3.10\bin\server\jvm.dll
0x00007ff8b30b0000 - 0x00007ff8b30b8000 	C:\WINDOWS\System32\PSAPI.DLL
0x00007ff8ad050000 - 0x00007ff8ad059000 	C:\WINDOWS\SYSTEM32\WSOCK32.dll
0x00007ff8b33a0000 - 0x00007ff8b340b000 	C:\WINDOWS\System32\WS2_32.dll
0x00007ff89f710000 - 0x00007ff89f737000 	C:\WINDOWS\SYSTEM32\WINMM.dll
0x00007ff8afc40000 - 0x00007ff8afc52000 	C:\WINDOWS\SYSTEM32\kernel.appcore.dll
0x00007ff899d90000 - 0x00007ff899d9a000 	C:\Program Files\Java\graalvm-ee-java17-21.3.10\bin\jimage.dll
0x00007ff8af130000 - 0x00007ff8af314000 	C:\WINDOWS\SYSTEM32\DBGHELP.DLL
0x00007ff897600000 - 0x00007ff897634000 	C:\WINDOWS\SYSTEM32\dbgcore.DLL
0x00007ff8b1d20000 - 0x00007ff8b1da2000 	C:\WINDOWS\System32\bcryptPrimitives.dll
0x00007ff888230000 - 0x00007ff888255000 	C:\Program Files\Java\graalvm-ee-java17-21.3.10\bin\java.dll
0x00007ff869200000 - 0x00007ff8692d7000 	C:\Program Files\Java\graalvm-ee-java17-21.3.10\bin\jsvml.dll
0x00007ff8b34e0000 - 0x00007ff8b3c4c000 	C:\WINDOWS\System32\SHELL32.dll
0x00007ff8af490000 - 0x00007ff8afc2d000 	C:\WINDOWS\SYSTEM32\windows.storage.dll
0x00007ff8b2c80000 - 0x00007ff8b2fd3000 	C:\WINDOWS\System32\combase.dll
0x00007ff8b0e50000 - 0x00007ff8b0e7e000 	C:\WINDOWS\SYSTEM32\Wldp.dll
0x00007ff8b2fe0000 - 0x00007ff8b30ad000 	C:\WINDOWS\System32\OLEAUT32.dll
0x00007ff8b2a40000 - 0x00007ff8b2aed000 	C:\WINDOWS\System32\SHCORE.dll
0x00007ff8b2610000 - 0x00007ff8b2665000 	C:\WINDOWS\System32\shlwapi.dll
0x00007ff8b1360000 - 0x00007ff8b1384000 	C:\WINDOWS\SYSTEM32\profapi.dll
0x00007ff889c90000 - 0x00007ff889ca9000 	C:\Program Files\Java\graalvm-ee-java17-21.3.10\bin\net.dll
0x00007ff8a98d0000 - 0x00007ff8a99da000 	C:\WINDOWS\SYSTEM32\WINHTTP.dll
0x00007ff8b0bb0000 - 0x00007ff8b0c1a000 	C:\WINDOWS\system32\mswsock.dll
0x00007ff8889e0000 - 0x00007ff8889f6000 	C:\Program Files\Java\graalvm-ee-java17-21.3.10\bin\nio.dll
0x00007ff887c00000 - 0x00007ff887c18000 	C:\Program Files\Java\graalvm-ee-java17-21.3.10\bin\zip.dll
0x00007ff82aec0000 - 0x00007ff82e1fc000 	C:\Program Files\Java\graalvm-ee-java17-21.3.10\bin\jvmcicompiler.dll
0x00007ff8b1ad0000 - 0x00007ff8b1c2e000 	C:\WINDOWS\System32\CRYPT32.dll
0x00007ff8b1310000 - 0x00007ff8b133e000 	C:\WINDOWS\SYSTEM32\USERENV.dll
0x00007ff8b0ec0000 - 0x00007ff8b0ee9000 	C:\WINDOWS\SYSTEM32\ncrypt.dll
0x00007ff8b0840000 - 0x00007ff8b087b000 	C:\WINDOWS\SYSTEM32\IPHLPAPI.DLL
0x00007ff8b0e80000 - 0x00007ff8b0ebb000 	C:\WINDOWS\SYSTEM32\NTASN1.dll
0x0000027150eb0000 - 0x0000027150eb4000 	C:\Program Files\Java\graalvm-ee-java17-21.3.10\bin\api-ms-win-core-console-l1-1-0.dll
0x0000027150ec0000 - 0x0000027150ec4000 	C:\Program Files\Java\graalvm-ee-java17-21.3.10\bin\api-ms-win-core-datetime-l1-1-0.dll
0x0000027150ed0000 - 0x0000027150ed4000 	C:\Program Files\Java\graalvm-ee-java17-21.3.10\bin\api-ms-win-core-debug-l1-1-0.dll
0x0000027150ee0000 - 0x0000027150ee4000 	C:\Program Files\Java\graalvm-ee-java17-21.3.10\bin\api-ms-win-core-errorhandling-l1-1-0.dll
0x0000027150ef0000 - 0x0000027150ef5000 	C:\Program Files\Java\graalvm-ee-java17-21.3.10\bin\api-ms-win-core-file-l1-1-0.dll
0x0000027150f00000 - 0x0000027150f04000 	C:\Program Files\Java\graalvm-ee-java17-21.3.10\bin\api-ms-win-core-file-l1-2-0.dll
0x0000027150f10000 - 0x0000027150f14000 	C:\Program Files\Java\graalvm-ee-java17-21.3.10\bin\api-ms-win-core-file-l2-1-0.dll
0x0000027150f20000 - 0x0000027150f24000 	C:\Program Files\Java\graalvm-ee-java17-21.3.10\bin\api-ms-win-core-handle-l1-1-0.dll
0x0000027150f30000 - 0x0000027150f34000 	C:\Program Files\Java\graalvm-ee-java17-21.3.10\bin\api-ms-win-core-heap-l1-1-0.dll
0x0000027150f40000 - 0x0000027150f44000 	C:\Program Files\Java\graalvm-ee-java17-21.3.10\bin\api-ms-win-core-interlocked-l1-1-0.dll
0x0000027150f50000 - 0x0000027150f54000 	C:\Program Files\Java\graalvm-ee-java17-21.3.10\bin\api-ms-win-core-libraryloader-l1-1-0.dll
0x0000027150f60000 - 0x0000027150f64000 	C:\Program Files\Java\graalvm-ee-java17-21.3.10\bin\api-ms-win-core-localization-l1-2-0.dll
0x0000027150f70000 - 0x0000027150f74000 	C:\Program Files\Java\graalvm-ee-java17-21.3.10\bin\api-ms-win-core-memory-l1-1-0.dll
0x0000027150f80000 - 0x0000027150f84000 	C:\Program Files\Java\graalvm-ee-java17-21.3.10\bin\api-ms-win-core-namedpipe-l1-1-0.dll
0x0000027150f90000 - 0x0000027150f94000 	C:\Program Files\Java\graalvm-ee-java17-21.3.10\bin\api-ms-win-core-processenvironment-l1-1-0.dll
0x0000027150fa0000 - 0x0000027150fa4000 	C:\Program Files\Java\graalvm-ee-java17-21.3.10\bin\api-ms-win-core-processthreads-l1-1-0.dll
0x0000027150fb0000 - 0x0000027150fb4000 	C:\Program Files\Java\graalvm-ee-java17-21.3.10\bin\api-ms-win-core-processthreads-l1-1-1.dll
0x0000027150fc0000 - 0x0000027150fc4000 	C:\Program Files\Java\graalvm-ee-java17-21.3.10\bin\api-ms-win-core-profile-l1-1-0.dll
0x0000027150fd0000 - 0x0000027150fd4000 	C:\Program Files\Java\graalvm-ee-java17-21.3.10\bin\api-ms-win-core-rtlsupport-l1-1-0.dll
0x0000027150fe0000 - 0x0000027150fe4000 	C:\Program Files\Java\graalvm-ee-java17-21.3.10\bin\api-ms-win-core-string-l1-1-0.dll
0x0000027150ff0000 - 0x0000027150ff4000 	C:\Program Files\Java\graalvm-ee-java17-21.3.10\bin\api-ms-win-core-synch-l1-1-0.dll
0x0000027996100000 - 0x0000027996104000 	C:\Program Files\Java\graalvm-ee-java17-21.3.10\bin\api-ms-win-core-synch-l1-2-0.dll
0x0000027996110000 - 0x0000027996114000 	C:\Program Files\Java\graalvm-ee-java17-21.3.10\bin\api-ms-win-core-sysinfo-l1-1-0.dll
0x0000027996120000 - 0x0000027996124000 	C:\Program Files\Java\graalvm-ee-java17-21.3.10\bin\api-ms-win-core-timezone-l1-1-0.dll
0x0000027996130000 - 0x0000027996134000 	C:\Program Files\Java\graalvm-ee-java17-21.3.10\bin\api-ms-win-core-util-l1-1-0.dll
0x0000027996140000 - 0x0000027996144000 	C:\Program Files\Java\graalvm-ee-java17-21.3.10\bin\api-ms-win-crt-conio-l1-1-0.dll
0x0000027996150000 - 0x0000027996155000 	C:\Program Files\Java\graalvm-ee-java17-21.3.10\bin\api-ms-win-crt-convert-l1-1-0.dll
0x0000027996160000 - 0x0000027996164000 	C:\Program Files\Java\graalvm-ee-java17-21.3.10\bin\api-ms-win-crt-environment-l1-1-0.dll
0x0000027996170000 - 0x0000027996174000 	C:\Program Files\Java\graalvm-ee-java17-21.3.10\bin\api-ms-win-crt-filesystem-l1-1-0.dll
0x0000027996180000 - 0x0000027996184000 	C:\Program Files\Java\graalvm-ee-java17-21.3.10\bin\api-ms-win-crt-heap-l1-1-0.dll
0x0000027996190000 - 0x0000027996194000 	C:\Program Files\Java\graalvm-ee-java17-21.3.10\bin\api-ms-win-crt-locale-l1-1-0.dll
0x00000279961a0000 - 0x00000279961a6000 	C:\Program Files\Java\graalvm-ee-java17-21.3.10\bin\api-ms-win-crt-math-l1-1-0.dll
0x00000279961b0000 - 0x00000279961b6000 	C:\Program Files\Java\graalvm-ee-java17-21.3.10\bin\api-ms-win-crt-multibyte-l1-1-0.dll
0x00000279961c0000 - 0x00000279961d1000 	C:\Program Files\Java\graalvm-ee-java17-21.3.10\bin\api-ms-win-crt-private-l1-1-0.dll
0x00000279961e0000 - 0x00000279961e4000 	C:\Program Files\Java\graalvm-ee-java17-21.3.10\bin\api-ms-win-crt-process-l1-1-0.dll
0x00000279961f0000 - 0x00000279961f5000 	C:\Program Files\Java\graalvm-ee-java17-21.3.10\bin\api-ms-win-crt-runtime-l1-1-0.dll
0x0000027996200000 - 0x0000027996205000 	C:\Program Files\Java\graalvm-ee-java17-21.3.10\bin\api-ms-win-crt-stdio-l1-1-0.dll
0x0000027996210000 - 0x0000027996215000 	C:\Program Files\Java\graalvm-ee-java17-21.3.10\bin\api-ms-win-crt-string-l1-1-0.dll
0x0000027996220000 - 0x0000027996224000 	C:\Program Files\Java\graalvm-ee-java17-21.3.10\bin\api-ms-win-crt-time-l1-1-0.dll
0x0000027996230000 - 0x0000027996234000 	C:\Program Files\Java\graalvm-ee-java17-21.3.10\bin\api-ms-win-crt-utility-l1-1-0.dll
0x00007ff862810000 - 0x00007ff862921000 	C:\Program Files\Java\graalvm-ee-java17-21.3.10\bin\ucrtbase.dll
0x00007ff86e290000 - 0x00007ff86e2dd000 	C:\Windows\System32\concrt140.dll
0x00007ff882840000 - 0x00007ff88286f000 	C:\Program Files\BellSoft\LibericaNIK-Full-24-OpenJDK-22\bin\prism_d3d.dll
0x00007ff88b380000 - 0x00007ff88b550000 	C:\WINDOWS\system32\d3d9.dll
0x00007ff8aeb40000 - 0x00007ff8aeb6f000 	C:\WINDOWS\SYSTEM32\dwmapi.dll
0x00007ff8ae8b0000 - 0x00007ff8ae94e000 	C:\WINDOWS\system32\uxtheme.dll
0x00007ff8b0fe0000 - 0x00007ff8b0ff2000 	C:\WINDOWS\SYSTEM32\msasn1.dll
0x00007ff8a88c0000 - 0x00007ff8a88f1000 	C:\WINDOWS\SYSTEM32\cryptnet.dll
0x00007ff8b0da0000 - 0x00007ff8b0dac000 	C:\WINDOWS\SYSTEM32\cryptbase.dll
0x00007ff8b1cb0000 - 0x00007ff8b1d19000 	C:\WINDOWS\System32\wintrust.dll
0x00007ff8b2010000 - 0x00007ff8b202d000 	C:\WINDOWS\System32\imagehlp.dll
0x00007ff8b0db0000 - 0x00007ff8b0dc8000 	C:\WINDOWS\SYSTEM32\CRYPTSP.dll
0x00007ff8b0460000 - 0x00007ff8b0494000 	C:\WINDOWS\system32\rsaenh.dll
0x00007ff869560000 - 0x00007ff8695a5000 	C:\Program Files\BellSoft\LibericaNIK-Full-24-OpenJDK-22\bin\glass.dll
0x00007ff8b1db0000 - 0x00007ff8b1e8a000 	C:\WINDOWS\System32\COMDLG32.dll
0x00007ff8b2870000 - 0x00007ff8b299b000 	C:\WINDOWS\System32\ole32.dll
0x00007ff8b3270000 - 0x00007ff8b3384000 	C:\WINDOWS\System32\MSCTF.dll

dbghelp: loaded successfully - version: 4.0.5 - missing functions: none
symbol engine: initialized successfully - sym options: 0x614 - pdb path: .;C:\Program Files\Java\graalvm-ee-java17-21.3.10\bin;C:\WINDOWS\SYSTEM32;C:\WINDOWS\WinSxS\amd64_microsoft.windows.common-controls_6595b64144ccf1df_6.0.19041.4355_none_60b8b9eb71f62e16;C:\Program Files\Java\graalvm-ee-java17-21.3.10\bin\server;C:\Program Files\BellSoft\LibericaNIK-Full-24-OpenJDK-22\bin

VM Arguments:
jvm_args: -XX:ThreadPriorityPolicy=1 -XX:+UnlockExperimentalVMOptions -XX:+EnableJVMCIProduct -XX:-UnlockExperimentalVMOptions -XX:+ShowCodeDetailsInExceptionMessages --module-path=C:\Users\Operation\Documents\Code\inventory-management-system-desktop\target\classes;C:\Users\Operation\.m2\repository\org\openjfx\javafx-controls\22\javafx-controls-22-win.jar;C:\Users\Operation\.m2\repository\org\openjfx\javafx-fxml\22\javafx-fxml-22-win.jar;C:\Users\Operation\.m2\repository\com\jfoenix\jfoenix\9.0.10\jfoenix-9.0.10.jar;C:\Users\Operation\.m2\repository\net\sf\jasperreports\jasperreports\6.21.3\jasperreports-6.21.3.jar;C:\Users\Operation\.m2\repository\org\mindrot\jbcrypt\0.4\jbcrypt-0.4.jar;C:\Users\Operation\.m2\repository\com\zaxxer\HikariCP\5.1.0\HikariCP-5.1.0.jar;C:\Users\Operation\.m2\repository\org\slf4j\slf4j-api\2.1.0-alpha1\slf4j-api-2.1.0-alpha1.jar;C:\Users\Operation\.m2\repository\ch\qos\logback\logback-classic\1.5.6\logback-classic-1.5.6.jar;C:\Users\Operation\.m2\repository\ch\qos\logback\logback-core\1.5.6\logback-core-1.5.6.jar;C:\Users\Operation\.m2\repository\io\github\typhon0\AnimateFX\1.3.0\AnimateFX-1.3.0.jar;C:\Users\Operation\.m2\repository\com\cohere\cohere-java\1.0.8\cohere-java-1.0.8.jar;C:\Users\Operation\.m2\repository\io\github\cdimascio\java-dotenv\5.2.2\java-dotenv-5.2.2.jar;C:\Users\Operation\.m2\repository\com\google\code\gson\gson\2.10.1\gson-2.10.1.jar;C:\Users\Operation\.m2\repository\org\commonmark\commonmark\0.22.0\commonmark-0.22.0.jar;C:\Users\Operation\.m2\repository\org\jfxtras\jmetro\11.6.16\jmetro-11.6.16.jar;C:\Users\Operation\.m2\repository\org\openjfx\javafx-graphics\11.0.2\javafx-graphics-11.0.2-win.jar;C:\Users\Operation\.m2\repository\org\openjfx\javafx-base\11.0.2\javafx-base-11.0.2-win.jar -Djdk.module.main=com.lestarieragemilang.app.desktop 
java_command: com.lestarieragemilang.app.desktop/com.lestarieragemilang.app.desktop.App
java_class_path (initial): C:\Users\Operation\.m2\repository\org\openjfx\javafx-controls\22\javafx-controls-22.jar;C:\Users\Operation\.m2\repository\org\openjfx\javafx-graphics\22\javafx-graphics-22.jar;C:\Users\Operation\.m2\repository\org\openjfx\javafx-base\22\javafx-base-22.jar;C:\Users\Operation\.m2\repository\org\openjfx\javafx-fxml\22\javafx-fxml-22.jar;C:\Users\Operation\.m2\repository\com\mysql\mysql-connector-j\8.3.0\mysql-connector-j-8.3.0.jar;C:\Users\Operation\.m2\repository\com\google\protobuf\protobuf-java\3.25.1\protobuf-java-3.25.1.jar;C:\Users\Operation\.m2\repository\commons-beanutils\commons-beanutils\1.9.4\commons-beanutils-1.9.4.jar;C:\Users\Operation\.m2\repository\commons-collections\commons-collections\3.2.2\commons-collections-3.2.2.jar;C:\Users\Operation\.m2\repository\commons-digester\commons-digester\2.1\commons-digester-2.1.jar;C:\Users\Operation\.m2\repository\commons-logging\commons-logging\1.1.1\commons-logging-1.1.1.jar;C:\Users\Operation\.m2\repository\org\apache\commons\commons-collections4\4.2\commons-collections4-4.2.jar;C:\Users\Operation\.m2\repository\com\github\librepdf\openpdf\1.3.32\openpdf-1.3.32.jar;C:\Users\Operation\.m2\repository\org\jfree\jcommon\1.0.23\jcommon-1.0.23.jar;C:\Users\Operation\.m2\repository\org\jfree\jfreechart\1.0.19\jfreechart-1.0.19.jar;C:\Users\Operation\.m2\repository\org\eclipse\jdt\ecj\3.21.0\ecj-3.21.0.jar;C:\Users\Operation\.m2\repository\com\fasterxml\jackson\core\jackson-core\2.15.3\jackson-core-2.15.3.jar;C:\Users\Operation\.m2\repository\com\fasterxml\jackson\core\jackson-databind\2.15.3\jackson-databind-2.15.3.jar;C:\Users\Operation\.m2\repository\com\fasterxml\jackson\core\jackson-annotations\2.15.3\jackson-annotations-2.15.3.jar;C:\Users\Operation\.m2\repository\com\fasterxml\jackson\dataformat\jackson-dataformat-xml\2.15.3\jackson-dataformat-xml-2.15.3.jar;C:\Users\Operation\.m2\repository\org\codehaus\woodstox\stax2-api\4.2.1\stax2-api-4.2.1.jar;C:\Users\Operation\.m2\repository\com
Launcher Type: SUN_STANDARD

[Global flags]
     intx CICompilerCount                          = 3                                         {product} {ergonomic}
     uint ConcGCThreads                            = 1                                         {product} {ergonomic}
     bool EnableJVMCIProduct                       = true                                {JVMCI product} {jimage}
     uint G1ConcRefinementThreads                  = 4                                         {product} {ergonomic}
   size_t G1HeapRegionSize                         = 1048576                                   {product} {ergonomic}
    uintx GCDrainStackTargetSize                   = 64                                        {product} {ergonomic}
   size_t InitialHeapSize                          = 132120576                                 {product} {ergonomic}
   size_t MarkStackSize                            = 4194304                                   {product} {ergonomic}
   size_t MaxHeapSize                              = 2095054848                                {product} {ergonomic}
   size_t MaxNewSize                               = 1256194048                                {product} {ergonomic}
   size_t MinHeapDeltaBytes                        = 1048576                                   {product} {ergonomic}
   size_t MinHeapSize                              = 8388608                                   {product} {ergonomic}
    uintx NonNMethodCodeHeapSize                   = 5832780                                {pd product} {ergonomic}
    uintx NonProfiledCodeHeapSize                  = 122912730                              {pd product} {ergonomic}
    uintx ProfiledCodeHeapSize                     = 122912730                              {pd product} {ergonomic}
    uintx ReservedCodeCacheSize                    = 251658240                              {pd product} {ergonomic}
     bool SegmentedCodeCache                       = true                                      {product} {ergonomic}
     bool ShowCodeDetailsInExceptionMessages       = true                                   {manageable} {command line}
   size_t SoftMaxHeapSize                          = 2095054848                             {manageable} {ergonomic}
     intx ThreadPriorityPolicy                     = 1                                         {product} {jimage}
     bool UseCompressedClassPointers               = true                           {product lp64_product} {ergonomic}
     bool UseCompressedOops                        = true                           {product lp64_product} {ergonomic}
     bool UseG1GC                                  = true                                      {product} {ergonomic}
     bool UseLargePagesIndividualAllocation        = false                                  {pd product} {ergonomic}

Logging:
Log output configuration:
 #0: stdout all=warning uptime,level,tags
 #1: stderr all=off uptime,level,tags

Environment Variables:
JAVA_HOME=C:\Program Files\BellSoft\LibericaNIK-Full-24-OpenJDK-22\
PATH=C:\Program Files\Lapce\;C:\Program Files\BellSoft\LibericaNIK-Full-24-OpenJDK-22\bin\;C:\Program Files\BellSoft\LibericaJDK-22-Full\bin\;C:\Program Files\Java\graalvm-ee-java17-21.3.10\bin\;C:\Program Files\Java\graalvm-jdk-22.0.1+8.1\bin\;C:\Program Files\Common Files\Oracle\Java\javapath;C:\Program Files (x86)\Common Files\Oracle\Java\java8path;C:\Program Files (x86)\Common Files\Oracle\Java\javapath;C:\WINDOWS\system32;C:\WINDOWS;C:\WINDOWS\System32\Wbem;C:\WINDOWS\System32\WindowsPowerShell\v1.0\;C:\WINDOWS\System32\OpenSSH\;C:\Users\Operation\AppData\Roaming\nvm;C:\Program Files\nodejs;C:\Program Files\NVIDIA Corporation\NVIDIA App\NvDLISR;C:\Program Files (x86)\NVIDIA Corporation\PhysX\Common;C:\Program Files\NetBeans-21\netbeans\java\maven\\bin;C:\xampp\mysql\bin;C:\xampp\php;C:\Program Files\Cloudflare\Cloudflare WARP\;c:\Users\Operation\AppData\Local\Programs\cursor\resources\app\bin;C:\Program Files\Git\cmd;C:\Users\Operation\AppData\Local\Microsoft\WindowsApps;C:\Users\Operation\AppData\Roaming\nvm;C:\Program Files\nodejs;C:\Users\Operation\AppData\Local\Programs\Microsoft VS Code\bin;C:\Users\Operation\AppData\Local\GitHubDesktop\bin;C:\Program Files\JetBrains\IntelliJ IDEA 2024.1.4\bin;
USERNAME=Operation
LANG=en_US.UTF-8
OS=Windows_NT
PROCESSOR_IDENTIFIER=Intel64 Family 6 Model 78 Stepping 3, GenuineIntel



---------------  S Y S T E M  ---------------

OS:
 Windows 10 , 64 bit Build 19041 (10.0.19041.4597)
OS uptime: 0 days 4:34 hours

CPU: total 4 (initial active 4) (2 cores per cpu, 2 threads per core) family 6 model 78 stepping 3 microcode 0xcc, cx8, cmov, fxsr, ht, mmx, 3dnowpref, sse, sse2, sse3, ssse3, sse4.1, sse4.2, popcnt, lzcnt, tsc, tscinvbit, avx, avx2, aes, erms, clmul, bmi1, bmi2, adx, fma, vzeroupper, clflush, clflushopt

Memory: 4k page, system-wide physical 7986M (2262M free)
TotalPageFile size 14898M (AvailPageFile size 5722M)
current process WorkingSet (physical memory assigned to process): 166M, peak: 166M
current process commit charge ("private bytes"): 310M, peak: 310M

vm_info: Java HotSpot(TM) 64-Bit Server VM (17.0.11+7-LTS-jvmci-21.3-b51) for windows-amd64 JRE (17.0.11+7-LTS-jvmci-21.3-b51), built on Mar 13 2024 14:34:51 by "" with MS VC++ 17.6 (VS2022)

END.
